<?xml version="1.0" encoding="UTF-8"?>
<!-- Generated by org.testng.reporters.JUnitReportReporter -->
<testsuite ignored="0" hostname="DESKTOP-B5HT6DA" failures="0" tests="1" name="pruebaEntrevista.TestPrueba" time="26.645" errors="0" timestamp="14 sep. 2021 18:20:17 GMT" skipped="0">
  <testcase classname="pruebaEntrevista.TestPrueba" name="f" time="26.645"/>
</testsuite> <!-- pruebaEntrevista.TestPrueba -->
