<?xml version="1.0" encoding="UTF-8"?>
<!-- Generated by org.testng.reporters.JUnitReportReporter -->
<testsuite ignored="0" hostname="DESKTOP-B5HT6DA" failures="0" tests="1" name="loginTests.TC_04" time="16.759" errors="0" timestamp="19 sep. 2021 23:23:15 GMT" skipped="0">
  <testcase classname="loginTests.TC_04" name="TC_04_correctData" time="16.759"/>
</testsuite> <!-- loginTests.TC_04 -->
