<?xml version="1.0" encoding="UTF-8"?>
<!-- Generated by org.testng.reporters.JUnitReportReporter -->
<testsuite ignored="0" hostname="DESKTOP-B5HT6DA" failures="0" tests="1" name="ejemploAssertions.EjemploHardAssert" time="3.282" errors="0" timestamp="11 sep. 2021 16:08:14 GMT" skipped="0">
  <testcase classname="ejemploAssertions.EjemploHardAssert" name="TC_VerificarTituloPagina" time="3.282"/>
</testsuite> <!-- ejemploAssertions.EjemploHardAssert -->
