<?xml version="1.0" encoding="UTF-8"?>
<!-- Generated by org.testng.reporters.JUnitReportReporter -->
<testsuite ignored="0" hostname="DESKTOP-B5HT6DA" failures="0" tests="1" name="loginTests.TC_01" time="2.905" errors="0" timestamp="18 sep. 2021 16:56:51 GMT" skipped="0">
  <testcase classname="loginTests.TC_01" name="TC_01_CorrectLogin" time="2.905"/>
</testsuite> <!-- loginTests.TC_01 -->
