<?xml version="1.0" encoding="UTF-8"?>
<!-- Generated by org.testng.reporters.JUnitReportReporter -->
<testsuite ignored="0" hostname="DESKTOP-B5HT6DA" failures="0" tests="1" name="ejercicioAsserts.ejercicioAsserts" time="13.547" errors="0" timestamp="19 sep. 2021 23:08:27 GMT" skipped="0">
  <testcase classname="ejercicioAsserts.ejercicioAsserts" name="TC_NombreCompleto" time="13.547"/>
</testsuite> <!-- ejercicioAsserts.ejercicioAsserts -->
