<?xml version="1.0" encoding="UTF-8"?>
<!-- Generated by org.testng.reporters.JUnitReportReporter -->
<testsuite ignored="0" hostname="DESKTOP-B5HT6DA" failures="0" tests="1" name="loginTests.TC_04" time="16.842" errors="0" timestamp="20 sep. 2021 18:14:03 GMT" skipped="0">
  <testcase classname="loginTests.TC_04" name="TC_04_correctData" time="16.842"/>
</testsuite> <!-- loginTests.TC_04 -->
