<?xml version="1.0" encoding="UTF-8"?>
<!-- Generated by org.testng.reporters.JUnitReportReporter -->
<testsuite ignored="0" hostname="DESKTOP-B5HT6DA" failures="0" tests="1" name="loginTests.TC_02" time="0.833" errors="0" timestamp="18 sep. 2021 16:40:39 GMT" skipped="0">
  <testcase classname="loginTests.TC_02" name="TC_02_IncorrectLogin" time="0.833"/>
</testsuite> <!-- loginTests.TC_02 -->
