<?xml version="1.0" encoding="UTF-8"?>
<!-- Generated by org.testng.reporters.JUnitReportReporter -->
<testsuite ignored="0" hostname="DESKTOP-B5HT6DA" failures="0" tests="1" name="ejemploAssertions.EjemploSoftAssert" time="3.349" errors="0" timestamp="11 sep. 2021 16:26:37 GMT" skipped="0">
  <testcase classname="ejemploAssertions.EjemploSoftAssert" name="softAssertEjemploSel" time="3.349"/>
</testsuite> <!-- ejemploAssertions.EjemploSoftAssert -->
