<?xml version="1.0" encoding="UTF-8"?>
<!-- Generated by org.testng.reporters.JUnitReportReporter -->
<testsuite ignored="0" hostname="DESKTOP-B5HT6DA" failures="0" tests="1" name="loginTests.TC_03" time="3.561" errors="0" timestamp="18 sep. 2021 16:40:39 GMT" skipped="0">
  <testcase classname="loginTests.TC_03" name="TC_03_Logout" time="3.561"/>
</testsuite> <!-- loginTests.TC_03 -->
